TN:
SF:__tests__/helpers/dataset.js
FN:8,(anonymous_0)
FNF:1
FNH:1
FNDA:18,(anonymous_0)
DA:3,2
DA:4,2
DA:5,2
DA:6,2
DA:7,2
DA:8,2
DA:9,18
DA:10,18
DA:11,5253
DA:13,18
DA:15,2
DA:16,2
DA:22,2
DA:28,2
DA:36,2
DA:40,2
LF:16
LH:16
BRF:0
BRH:0
end_of_record
TN:
SF:__tests__/helpers/test-helpers.ts
FNF:0
FNH:0
DA:1,2
DA:2,2
DA:4,2
LF:3
LH:3
BRF:0
BRH:0
end_of_record
TN:
SF:src/app.ts
FN:16,(anonymous_1)
FNF:1
FNH:0
FNDA:0,(anonymous_1)
DA:1,2
DA:2,2
DA:3,2
DA:4,2
DA:5,2
DA:6,2
DA:7,2
DA:9,2
DA:12,2
DA:13,2
DA:16,2
DA:18,0
DA:21,2
DA:22,2
DA:23,2
LF:15
LH:14
BRF:0
BRH:0
end_of_record
TN:
SF:src/setting.ts
FNF:0
FNH:0
DA:1,2
DA:4,2
LF:2
LH:2
BRDA:6,0,0,2
BRDA:6,0,1,0
BRDA:12,1,0,2
BRDA:12,1,1,2
BRF:4
BRH:3
end_of_record
TN:
SF:src/db/db.ts
FN:30,(anonymous_0)
FN:39,(anonymous_1)
FN:40,(anonymous_2)
FNF:3
FNH:0
FNDA:0,(anonymous_0)
FNDA:0,(anonymous_1)
FNDA:0,(anonymous_2)
DA:4,2
DA:13,2
DA:30,2
DA:31,0
DA:32,0
DA:33,0
DA:34,0
DA:39,0
DA:40,0
LF:9
LH:3
BRDA:31,0,0,0
BRDA:39,1,0,0
BRDA:39,1,1,0
BRDA:39,2,0,0
BRDA:39,2,1,0
BRDA:39,3,0,0
BRDA:39,3,1,0
BRDA:40,4,0,0
BRDA:40,4,1,0
BRDA:40,5,0,0
BRDA:40,5,1,0
BRDA:40,6,0,0
BRDA:40,6,1,0
BRF:13
BRH:0
end_of_record
TN:
SF:src/db/mongoDb.ts
FN:10,runDb
FN:47,(anonymous_9)
FN:74,disconnectDb
FNF:3
FNH:3
FNDA:2,runDb
FNDA:7,(anonymous_9)
FNDA:2,disconnectDb
DA:1,2
DA:10,2
DA:11,2
DA:13,2
DA:14,0
DA:17,2
DA:19,2
DA:20,2
DA:21,2
DA:23,2
DA:24,2
DA:27,2
DA:36,2
DA:38,2
DA:39,2
DA:41,0
DA:45,2
DA:46,2
DA:47,7
DA:49,2
DA:50,2
DA:54,2
DA:55,2
DA:57,2
DA:58,0
DA:60,2
DA:63,2
DA:64,2
DA:65,2
DA:67,0
DA:68,0
DA:69,0
DA:74,2
DA:75,2
DA:76,2
DA:77,2
LF:36
LH:30
BRDA:13,0,0,0
BRDA:38,1,0,2
BRDA:38,1,1,0
BRDA:57,2,0,0
BRDA:57,2,1,2
BRDA:75,3,0,2
BRF:6
BRH:3
end_of_record
TN:
SF:src/features/blogs/blogValidators.ts
FN:22,(anonymous_7)
FN:23,(anonymous_8)
FNF:2
FNH:2
FNDA:8,(anonymous_7)
FNDA:8,(anonymous_8)
DA:1,2
DA:4,2
DA:5,2
DA:6,2
DA:12,2
DA:15,2
DA:18,2
DA:22,2
DA:23,8
DA:24,8
DA:25,8
DA:26,0
DA:28,8
DA:31,2
LF:14
LH:13
BRDA:25,0,0,0
BRDA:25,1,0,8
BRDA:25,1,1,8
BRF:3
BRH:2
end_of_record
TN:
SF:src/features/blogs/blogsRepository.ts
FN:11,(anonymous_7)
FN:33,(anonymous_9)
FN:38,(anonymous_11)
FN:44,(anonymous_13)
FN:49,(anonymous_15)
FN:55,(anonymous_17)
FN:61,(anonymous_19)
FNF:7
FNH:7
FNDA:1,(anonymous_7)
FNDA:13,(anonymous_9)
FNDA:1,(anonymous_11)
FNDA:2,(anonymous_13)
FNDA:1,(anonymous_15)
FNDA:1,(anonymous_17)
FNDA:1,(anonymous_19)
DA:3,2
DA:7,2
DA:13,1
DA:14,0
DA:17,1
DA:27,1
DA:28,1
DA:34,13
DA:39,1
DA:40,1
DA:45,2
DA:50,1
DA:51,1
DA:56,1
DA:57,1
DA:62,1
DA:71,1
LF:17
LH:16
BRDA:13,0,0,0
BRDA:40,1,0,1
BRDA:40,1,1,0
BRDA:51,2,0,1
BRDA:51,2,1,0
BRDA:57,3,0,1
BRDA:57,3,1,0
BRF:7
BRH:3
end_of_record
TN:
SF:src/features/blogs/blogsRouter.ts
FNF:0
FNH:0
DA:1,2
DA:2,2
DA:3,2
DA:4,2
DA:5,2
DA:6,2
DA:7,2
DA:8,2
DA:11,2
DA:13,2
DA:14,2
DA:15,2
DA:16,2
DA:17,2
LF:14
LH:14
BRF:0
BRH:0
end_of_record
TN:
SF:src/features/blogs/controllers/createBlogController.ts
FN:7,(anonymous_7)
FN:8,(anonymous_8)
FNF:2
FNH:2
FNDA:1,(anonymous_7)
FNDA:1,(anonymous_8)
DA:3,2
DA:4,2
DA:7,2
DA:8,1
DA:9,1
DA:11,1
DA:13,1
LF:7
LH:7
BRF:0
BRH:0
end_of_record
TN:
SF:src/features/blogs/controllers/delBlogController.ts
FN:7,(anonymous_7)
FN:7,(anonymous_8)
FNF:2
FNH:2
FNDA:2,(anonymous_7)
FNDA:2,(anonymous_8)
DA:3,2
DA:4,2
DA:7,2
DA:8,2
DA:10,2
DA:11,2
DA:12,1
DA:15,1
DA:16,1
LF:9
LH:9
BRDA:11,0,0,1
BRDA:11,0,1,1
BRF:2
BRH:2
end_of_record
TN:
SF:src/features/blogs/controllers/findBlogController.ts
FN:6,(anonymous_7)
FN:7,(anonymous_8)
FNF:2
FNH:2
FNDA:2,(anonymous_7)
FNDA:2,(anonymous_8)
DA:3,2
DA:4,2
DA:6,2
DA:7,2
DA:8,2
DA:10,2
DA:12,2
DA:13,1
DA:16,1
LF:9
LH:9
BRDA:12,0,0,1
BRDA:12,0,1,1
BRF:2
BRH:2
end_of_record
TN:
SF:src/features/blogs/controllers/getBlogsController.ts
FN:7,(anonymous_7)
FN:8,(anonymous_8)
FNF:2
FNH:2
FNDA:2,(anonymous_7)
FNDA:2,(anonymous_8)
DA:3,2
DA:5,2
DA:7,2
DA:8,2
DA:9,2
DA:11,2
LF:6
LH:6
BRF:0
BRH:0
end_of_record
TN:
SF:src/features/blogs/controllers/putBlogController.ts
FN:12,(anonymous_7)
FN:13,(anonymous_8)
FNF:2
FNH:2
FNDA:2,(anonymous_7)
FNDA:2,(anonymous_8)
DA:3,2
DA:5,2
DA:12,2
DA:13,2
DA:15,2
DA:16,2
DA:19,2
DA:20,1
DA:24,1
DA:27,1
DA:28,0
DA:29,0
DA:33,1
LF:13
LH:11
BRDA:19,0,0,1
BRDA:19,0,1,1
BRDA:27,1,0,0
BRDA:27,1,1,1
BRF:4
BRH:3
end_of_record
TN:
SF:src/features/posts/postValidators.ts
FN:26,(anonymous_7)
FN:26,(anonymous_8)
FN:34,(anonymous_9)
FN:35,(anonymous_10)
FNF:4
FNH:4
FNDA:4,(anonymous_7)
FNDA:4,(anonymous_8)
FNDA:6,(anonymous_9)
FNDA:6,(anonymous_10)
DA:1,2
DA:3,2
DA:4,2
DA:5,2
DA:6,2
DA:7,2
DA:15,2
DA:18,2
DA:21,2
DA:24,2
DA:26,4
DA:27,4
DA:28,4
DA:29,2
DA:31,2
DA:34,2
DA:35,6
DA:36,6
DA:37,6
DA:38,6
DA:39,2
DA:42,2
DA:45,4
DA:48,2
LF:24
LH:24
BRDA:28,0,0,2
BRDA:38,1,0,2
BRF:2
BRH:2
end_of_record
TN:
SF:src/features/posts/postsRepository.ts
FN:11,(anonymous_7)
FN:29,(anonymous_9)
FN:33,(anonymous_11)
FN:37,(anonymous_13)
FN:42,(anonymous_15)
FN:46,(anonymous_17)
FN:51,(anonymous_19)
FN:60,(anonymous_21)
FNF:8
FNH:7
FNDA:1,(anonymous_7)
FNDA:11,(anonymous_9)
FNDA:0,(anonymous_11)
FNDA:1,(anonymous_13)
FNDA:2,(anonymous_15)
FNDA:2,(anonymous_17)
FNDA:1,(anonymous_19)
FNDA:1,(anonymous_21)
DA:3,2
DA:5,2
DA:10,2
DA:12,1
DA:13,1
DA:14,1
DA:23,1
DA:24,1
DA:30,11
DA:34,0
DA:38,1
DA:39,1
DA:43,2
DA:47,2
DA:48,2
DA:52,1
DA:53,1
DA:54,0
DA:56,1
DA:57,1
DA:61,1
DA:70,1
LF:22
LH:20
BRDA:13,0,0,1
BRDA:13,0,1,0
BRDA:39,1,0,1
BRDA:39,1,1,0
BRDA:48,2,0,1
BRDA:48,2,1,1
BRDA:53,3,0,0
BRDA:57,4,0,1
BRDA:57,4,1,0
BRF:9
BRH:5
end_of_record
TN:
SF:src/features/posts/postsRouter.ts
FNF:0
FNH:0
DA:1,2
DA:2,2
DA:3,2
DA:4,2
DA:5,2
DA:6,2
DA:7,2
DA:8,2
DA:9,2
DA:11,2
DA:13,2
DA:14,2
DA:15,2
DA:16,2
DA:17,2
LF:15
LH:15
BRF:0
BRH:0
end_of_record
TN:
SF:src/features/posts/controllers/createPostController.ts
FN:7,(anonymous_7)
FN:8,(anonymous_8)
FNF:2
FNH:2
FNDA:1,(anonymous_7)
FNDA:1,(anonymous_8)
DA:3,2
DA:4,2
DA:7,2
DA:8,1
DA:10,1
DA:11,1
DA:13,1
LF:7
LH:7
BRF:0
BRH:0
end_of_record
TN:
SF:src/features/posts/controllers/delPostController.ts
FN:6,(anonymous_7)
FN:6,(anonymous_8)
FNF:2
FNH:2
FNDA:2,(anonymous_7)
FNDA:2,(anonymous_8)
DA:2,2
DA:3,2
DA:6,2
DA:7,2
DA:9,2
DA:10,2
DA:11,1
DA:14,2
DA:15,2
DA:16,1
LF:10
LH:10
BRDA:10,0,0,1
BRDA:15,1,0,1
BRF:2
BRH:2
end_of_record
TN:
SF:src/features/posts/controllers/findPostController.ts
FN:6,(anonymous_7)
FN:7,(anonymous_8)
FNF:2
FNH:2
FNDA:1,(anonymous_7)
FNDA:1,(anonymous_8)
DA:3,2
DA:4,2
DA:6,2
DA:7,1
DA:8,1
DA:9,1
DA:10,1
DA:11,0
DA:14,1
LF:9
LH:8
BRDA:10,0,0,0
BRDA:10,0,1,1
BRF:2
BRH:1
end_of_record
TN:
SF:src/features/posts/controllers/getPostsController.ts
FN:5,(anonymous_7)
FN:5,(anonymous_8)
FNF:2
FNH:2
FNDA:2,(anonymous_7)
FNDA:2,(anonymous_8)
DA:2,2
DA:3,2
DA:5,2
DA:6,2
DA:8,2
LF:5
LH:5
BRF:0
BRH:0
end_of_record
TN:
SF:src/features/posts/controllers/putPostController.ts
FN:5,(anonymous_7)
FN:5,(anonymous_8)
FNF:2
FNH:2
FNDA:1,(anonymous_7)
FNDA:1,(anonymous_8)
DA:2,2
DA:3,2
DA:5,2
DA:6,1
DA:7,1
DA:9,1
DA:10,0
DA:13,1
DA:15,1
DA:16,0
DA:19,1
LF:11
LH:9
BRDA:9,0,0,0
BRDA:15,1,0,0
BRDA:15,1,1,1
BRF:3
BRH:1
end_of_record
TN:
SF:src/features/testing/index.ts
FN:6,(anonymous_0)
FNF:1
FNH:0
FNDA:0,(anonymous_0)
DA:1,2
DA:2,2
DA:4,2
DA:6,2
DA:7,0
DA:8,0
LF:6
LH:4
BRF:0
BRH:0
end_of_record
TN:
SF:src/global_middlewares/admin-middleware.ts
FN:6,(anonymous_0)
FN:12,(anonymous_1)
FN:18,(anonymous_2)
FNF:3
FNH:2
FNDA:0,(anonymous_0)
FNDA:18,(anonymous_1)
FNDA:19,(anonymous_2)
DA:1,2
DA:3,2
DA:6,2
DA:7,0
DA:8,0
DA:9,0
DA:12,2
DA:13,18
DA:14,18
DA:15,18
DA:18,2
DA:19,19
DA:20,19
DA:21,2
DA:24,2
DA:27,17
DA:28,1
DA:31,1
DA:35,16
DA:39,16
DA:40,3
DA:43,3
DA:46,13
LF:23
LH:20
BRDA:20,0,0,2
BRDA:27,1,0,1
BRDA:39,2,0,3
BRF:3
BRH:3
end_of_record
TN:
SF:src/global_middlewares/inputCheckErrorsMiddleware.ts
FN:7,(anonymous_0)
FN:16,(anonymous_1)
FNF:2
FNH:2
FNDA:11,(anonymous_0)
FNDA:14,(anonymous_1)
DA:4,2
DA:5,2
DA:7,2
DA:9,11
DA:10,11
DA:11,4
DA:13,4
DA:16,14
DA:18,4
DA:21,7
LF:10
LH:10
BRDA:10,0,0,4
BRF:1
BRH:1
end_of_record
